Analysis & Synthesis report for pass_chk
Mon Apr 12 18:29:02 2021
Quartus Prime Version 16.1.2 Build 203 01/18/2017 SJ Lite Edition


---------------------
; Table of Contents ;
---------------------
  1. Legal Notice
  2. Analysis & Synthesis Summary
  3. Analysis & Synthesis Settings
  4. Parallel Compilation
  5. Analysis & Synthesis Source Files Read
  6. Analysis & Synthesis Resource Usage Summary
  7. Analysis & Synthesis Resource Utilization by Entity
  8. State Machine - |pass_chk|current_state
  9. User-Specified and Inferred Latches
 10. Registers Removed During Synthesis
 11. General Register Statistics
 12. Port Connectivity Checks: "counter5bit:t0"
 13. Post-Synthesis Netlist Statistics for Top Partition
 14. Elapsed Time Per Partition
 15. Analysis & Synthesis Messages



----------------
; Legal Notice ;
----------------
Copyright (C) 2017  Intel Corporation. All rights reserved.
Your use of Intel Corporation's design tools, logic functions 
and other software and tools, and its AMPP partner logic 
functions, and any output files from any of the foregoing 
(including device programming or simulation files), and any 
associated documentation or information are expressly subject 
to the terms and conditions of the Intel Program License 
Subscription Agreement, the Intel Quartus Prime License Agreement,
the Intel MegaCore Function License Agreement, or other 
applicable license agreement, including, without limitation, 
that your use is for the sole purpose of programming logic 
devices manufactured by Intel and sold by Intel or its 
authorized distributors.  Please refer to the applicable 
agreement for further details.



+----------------------------------------------------------------------------------+
; Analysis & Synthesis Summary                                                     ;
+------------------------------------+---------------------------------------------+
; Analysis & Synthesis Status        ; Successful - Mon Apr 12 18:29:01 2021       ;
; Quartus Prime Version              ; 16.1.2 Build 203 01/18/2017 SJ Lite Edition ;
; Revision Name                      ; pass_chk                                    ;
; Top-level Entity Name              ; pass_chk                                    ;
; Family                             ; Cyclone IV E                                ;
; Total logic elements               ; 10                                          ;
;     Total combinational functions  ; 10                                          ;
;     Dedicated logic registers      ; 3                                           ;
; Total registers                    ; 3                                           ;
; Total pins                         ; 13                                          ;
; Total virtual pins                 ; 0                                           ;
; Total memory bits                  ; 0                                           ;
; Embedded Multiplier 9-bit elements ; 0                                           ;
; Total PLLs                         ; 0                                           ;
+------------------------------------+---------------------------------------------+


+----------------------------------------------------------------------------------------------------------------------+
; Analysis & Synthesis Settings                                                                                        ;
+----------------------------------------------------------------------------+--------------------+--------------------+
; Option                                                                     ; Setting            ; Default Value      ;
+----------------------------------------------------------------------------+--------------------+--------------------+
; Device                                                                     ; EP4CE115F29C7      ;                    ;
; Top-level entity name                                                      ; pass_chk           ; pass_chk           ;
; Family name                                                                ; Cyclone IV E       ; Cyclone V          ;
; Use smart compilation                                                      ; Off                ; Off                ;
; Enable parallel Assembler and TimeQuest Timing Analyzer during compilation ; On                 ; On                 ;
; Enable compact report table                                                ; Off                ; Off                ;
; Restructure Multiplexers                                                   ; Auto               ; Auto               ;
; Create Debugging Nodes for IP Cores                                        ; Off                ; Off                ;
; Preserve fewer node names                                                  ; On                 ; On                 ;
; OpenCore Plus hardware evaluation                                          ; Enable             ; Enable             ;
; Verilog Version                                                            ; Verilog_2001       ; Verilog_2001       ;
; VHDL Version                                                               ; VHDL_1993          ; VHDL_1993          ;
; State Machine Processing                                                   ; Auto               ; Auto               ;
; Safe State Machine                                                         ; Off                ; Off                ;
; Extract Verilog State Machines                                             ; On                 ; On                 ;
; Extract VHDL State Machines                                                ; On                 ; On                 ;
; Ignore Verilog initial constructs                                          ; Off                ; Off                ;
; Iteration limit for constant Verilog loops                                 ; 5000               ; 5000               ;
; Iteration limit for non-constant Verilog loops                             ; 250                ; 250                ;
; Add Pass-Through Logic to Inferred RAMs                                    ; On                 ; On                 ;
; Infer RAMs from Raw Logic                                                  ; On                 ; On                 ;
; Parallel Synthesis                                                         ; On                 ; On                 ;
; DSP Block Balancing                                                        ; Auto               ; Auto               ;
; NOT Gate Push-Back                                                         ; On                 ; On                 ;
; Power-Up Don't Care                                                        ; On                 ; On                 ;
; Remove Redundant Logic Cells                                               ; Off                ; Off                ;
; Remove Duplicate Registers                                                 ; On                 ; On                 ;
; Ignore CARRY Buffers                                                       ; Off                ; Off                ;
; Ignore CASCADE Buffers                                                     ; Off                ; Off                ;
; Ignore GLOBAL Buffers                                                      ; Off                ; Off                ;
; Ignore ROW GLOBAL Buffers                                                  ; Off                ; Off                ;
; Ignore LCELL Buffers                                                       ; Off                ; Off                ;
; Ignore SOFT Buffers                                                        ; On                 ; On                 ;
; Limit AHDL Integers to 32 Bits                                             ; Off                ; Off                ;
; Optimization Technique                                                     ; Balanced           ; Balanced           ;
; Carry Chain Length                                                         ; 70                 ; 70                 ;
; Auto Carry Chains                                                          ; On                 ; On                 ;
; Auto Open-Drain Pins                                                       ; On                 ; On                 ;
; Perform WYSIWYG Primitive Resynthesis                                      ; Off                ; Off                ;
; Auto ROM Replacement                                                       ; On                 ; On                 ;
; Auto RAM Replacement                                                       ; On                 ; On                 ;
; Auto DSP Block Replacement                                                 ; On                 ; On                 ;
; Auto Shift Register Replacement                                            ; Auto               ; Auto               ;
; Allow Shift Register Merging across Hierarchies                            ; Auto               ; Auto               ;
; Auto Clock Enable Replacement                                              ; On                 ; On                 ;
; Strict RAM Replacement                                                     ; Off                ; Off                ;
; Allow Synchronous Control Signals                                          ; On                 ; On                 ;
; Force Use of Synchronous Clear Signals                                     ; Off                ; Off                ;
; Auto RAM Block Balancing                                                   ; On                 ; On                 ;
; Auto RAM to Logic Cell Conversion                                          ; Off                ; Off                ;
; Auto Resource Sharing                                                      ; Off                ; Off                ;
; Allow Any RAM Size For Recognition                                         ; Off                ; Off                ;
; Allow Any ROM Size For Recognition                                         ; Off                ; Off                ;
; Allow Any Shift Register Size For Recognition                              ; Off                ; Off                ;
; Use LogicLock Constraints during Resource Balancing                        ; On                 ; On                 ;
; Ignore translate_off and synthesis_off directives                          ; Off                ; Off                ;
; Timing-Driven Synthesis                                                    ; On                 ; On                 ;
; Report Parameter Settings                                                  ; On                 ; On                 ;
; Report Source Assignments                                                  ; On                 ; On                 ;
; Report Connectivity Checks                                                 ; On                 ; On                 ;
; Ignore Maximum Fan-Out Assignments                                         ; Off                ; Off                ;
; Synchronization Register Chain Length                                      ; 2                  ; 2                  ;
; PowerPlay Power Optimization During Synthesis                              ; Normal compilation ; Normal compilation ;
; HDL message level                                                          ; Level2             ; Level2             ;
; Suppress Register Optimization Related Messages                            ; Off                ; Off                ;
; Number of Removed Registers Reported in Synthesis Report                   ; 5000               ; 5000               ;
; Number of Swept Nodes Reported in Synthesis Report                         ; 5000               ; 5000               ;
; Number of Inverted Registers Reported in Synthesis Report                  ; 100                ; 100                ;
; Clock MUX Protection                                                       ; On                 ; On                 ;
; Auto Gated Clock Conversion                                                ; Off                ; Off                ;
; Block Design Naming                                                        ; Auto               ; Auto               ;
; SDC constraint protection                                                  ; Off                ; Off                ;
; Synthesis Effort                                                           ; Auto               ; Auto               ;
; Shift Register Replacement - Allow Asynchronous Clear Signal               ; On                 ; On                 ;
; Pre-Mapping Resynthesis Optimization                                       ; Off                ; Off                ;
; Analysis & Synthesis Message Level                                         ; Medium             ; Medium             ;
; Disable Register Merging Across Hierarchies                                ; Auto               ; Auto               ;
; Resource Aware Inference For Block RAM                                     ; On                 ; On                 ;
+----------------------------------------------------------------------------+--------------------+--------------------+


+------------------------------------------+
; Parallel Compilation                     ;
+----------------------------+-------------+
; Processors                 ; Number      ;
+----------------------------+-------------+
; Number detected on machine ; 8           ;
; Maximum allowed            ; 4           ;
;                            ;             ;
; Average used               ; 1.00        ;
; Maximum used               ; 4           ;
;                            ;             ;
; Usage by Processor         ; % Time Used ;
;     Processor 1            ; 100.0%      ;
;     Processors 2-4         ;   0.0%      ;
+----------------------------+-------------+


+----------------------------------------------------------------------------------------------------------------------------+
; Analysis & Synthesis Source Files Read                                                                                     ;
+----------------------------------+-----------------+-----------------+-------------------------------------------+---------+
; File Name with User-Entered Path ; Used in Netlist ; File Type       ; File Name with Absolute Path              ; Library ;
+----------------------------------+-----------------+-----------------+-------------------------------------------+---------+
; pass_chk.vhd                     ; yes             ; User VHDL File  ; D:/Modified Code/pass_chk/pass_chk.vhd    ;         ;
; counter5bit.vhd                  ; yes             ; User VHDL File  ; D:/Modified Code/pass_chk/counter5bit.vhd ;         ;
+----------------------------------+-----------------+-----------------+-------------------------------------------+---------+


+----------------------------------------------------------------+
; Analysis & Synthesis Resource Usage Summary                    ;
+---------------------------------------------+------------------+
; Resource                                    ; Usage            ;
+---------------------------------------------+------------------+
; Estimated Total logic elements              ; 10               ;
;                                             ;                  ;
; Total combinational functions               ; 10               ;
; Logic element usage by number of LUT inputs ;                  ;
;     -- 4 input functions                    ; 0                ;
;     -- 3 input functions                    ; 5                ;
;     -- <=2 input functions                  ; 5                ;
;                                             ;                  ;
; Logic elements by mode                      ;                  ;
;     -- normal mode                          ; 10               ;
;     -- arithmetic mode                      ; 0                ;
;                                             ;                  ;
; Total registers                             ; 3                ;
;     -- Dedicated logic registers            ; 3                ;
;     -- I/O registers                        ; 0                ;
;                                             ;                  ;
; I/O pins                                    ; 13               ;
;                                             ;                  ;
; Embedded Multiplier 9-bit elements          ; 0                ;
;                                             ;                  ;
; Maximum fan-out node                        ; current_state.S4 ;
; Maximum fan-out                             ; 4                ;
; Total fan-out                               ; 46               ;
; Average fan-out                             ; 1.18             ;
+---------------------------------------------+------------------+


+----------------------------------------------------------------------------------------------------------------------------------------------------------------------------------------------------------+
; Analysis & Synthesis Resource Utilization by Entity                                                                                                                                                      ;
+----------------------------+---------------------+---------------------------+-------------+--------------+---------+-----------+------+--------------+---------------------+-------------+--------------+
; Compilation Hierarchy Node ; Combinational ALUTs ; Dedicated Logic Registers ; Memory Bits ; DSP Elements ; DSP 9x9 ; DSP 18x18 ; Pins ; Virtual Pins ; Full Hierarchy Name ; Entity Name ; Library Name ;
+----------------------------+---------------------+---------------------------+-------------+--------------+---------+-----------+------+--------------+---------------------+-------------+--------------+
; |pass_chk                  ; 10 (10)             ; 3 (3)                     ; 0           ; 0            ; 0       ; 0         ; 13   ; 0            ; |pass_chk           ; pass_chk    ; work         ;
+----------------------------+---------------------+---------------------------+-------------+--------------+---------+-----------+------+--------------+---------------------+-------------+--------------+
Note: For table entries with two numbers listed, the numbers in parentheses indicate the number of resources of the given type used by the specific entity alone. The numbers listed outside of parentheses indicate the total resources of the given type used by the specific entity and all of its sub-entities in the hierarchy.


Encoding Type:  One-Hot
+---------------------------------------------------------------------------------------------------------------------+
; State Machine - |pass_chk|current_state                                                                             ;
+--------------------+------------------+------------------+------------------+------------------+--------------------+
; Name               ; current_state.S4 ; current_state.S3 ; current_state.S2 ; current_state.S1 ; current_state.IDLE ;
+--------------------+------------------+------------------+------------------+------------------+--------------------+
; current_state.IDLE ; 0                ; 0                ; 0                ; 0                ; 0                  ;
; current_state.S1   ; 0                ; 0                ; 0                ; 1                ; 1                  ;
; current_state.S2   ; 0                ; 0                ; 1                ; 0                ; 1                  ;
; current_state.S3   ; 0                ; 1                ; 0                ; 0                ; 1                  ;
; current_state.S4   ; 1                ; 0                ; 0                ; 0                ; 1                  ;
+--------------------+------------------+------------------+------------------+------------------+--------------------+


+---------------------------------------------------------------------------------------------------+
; User-Specified and Inferred Latches                                                               ;
+----------------------------------------------------+---------------------+------------------------+
; Latch Name                                         ; Latch Enable Signal ; Free of Timing Hazards ;
+----------------------------------------------------+---------------------+------------------------+
; red                                                ; current_state.S4    ; yes                    ;
; Gate$latch                                         ; current_state.S4    ; yes                    ;
; next_state.S4_171                                  ; current_state.S1    ; yes                    ;
; next_state.S2_183                                  ; current_state.S1    ; yes                    ;
; next_state.S1_191                                  ; current_state.S1    ; yes                    ;
; Number of user-specified and inferred latches = 5  ;                     ;                        ;
+----------------------------------------------------+---------------------+------------------------+
Note: All latches listed above may not be present at the end of synthesis due to various synthesis optimizations.


+------------------------------------------------------------------------------+
; Registers Removed During Synthesis                                           ;
+---------------------------------------+--------------------------------------+
; Register name                         ; Reason for Removal                   ;
+---------------------------------------+--------------------------------------+
; counter5bit:t0|cnt[0..4]              ; Stuck at GND due to stuck port clock ;
; current_state.S3                      ; Lost fanout                          ;
; current_state.IDLE                    ; Lost fanout                          ;
; Total Number of Removed Registers = 7 ;                                      ;
+---------------------------------------+--------------------------------------+


+------------------------------------------------------+
; General Register Statistics                          ;
+----------------------------------------------+-------+
; Statistic                                    ; Value ;
+----------------------------------------------+-------+
; Total registers                              ; 3     ;
; Number of registers using Synchronous Clear  ; 0     ;
; Number of registers using Synchronous Load   ; 0     ;
; Number of registers using Asynchronous Clear ; 0     ;
; Number of registers using Asynchronous Load  ; 0     ;
; Number of registers using Clock Enable       ; 0     ;
; Number of registers using Preset             ; 0     ;
+----------------------------------------------+-------+


+----------------------------------------------------------------------------------------------------------------+
; Port Connectivity Checks: "counter5bit:t0"                                                                     ;
+------+--------+----------+-------------------------------------------------------------------------------------+
; Port ; Type   ; Severity ; Details                                                                             ;
+------+--------+----------+-------------------------------------------------------------------------------------+
; q[4] ; Output ; Info     ; Connected to dangling logic. Logic that only feeds a dangling port will be removed. ;
; q[2] ; Output ; Info     ; Connected to dangling logic. Logic that only feeds a dangling port will be removed. ;
; q[0] ; Output ; Info     ; Connected to dangling logic. Logic that only feeds a dangling port will be removed. ;
+------+--------+----------+-------------------------------------------------------------------------------------+


+-----------------------------------------------------+
; Post-Synthesis Netlist Statistics for Top Partition ;
+-----------------------+-----------------------------+
; Type                  ; Count                       ;
+-----------------------+-----------------------------+
; boundary_port         ; 13                          ;
; cycloneiii_ff         ; 3                           ;
;     plain             ; 3                           ;
; cycloneiii_lcell_comb ; 12                          ;
;     normal            ; 12                          ;
;         0 data inputs ; 2                           ;
;         2 data inputs ; 5                           ;
;         3 data inputs ; 5                           ;
;                       ;                             ;
; Max LUT depth         ; 2.00                        ;
; Average LUT depth     ; 1.21                        ;
+-----------------------+-----------------------------+


+-------------------------------+
; Elapsed Time Per Partition    ;
+----------------+--------------+
; Partition Name ; Elapsed Time ;
+----------------+--------------+
; Top            ; 00:00:01     ;
+----------------+--------------+


+-------------------------------+
; Analysis & Synthesis Messages ;
+-------------------------------+
Info: *******************************************************************
Info: Running Quartus Prime Analysis & Synthesis
    Info: Version 16.1.2 Build 203 01/18/2017 SJ Lite Edition
    Info: Processing started: Mon Apr 12 18:28:49 2021
Info: Command: quartus_map --read_settings_files=on --write_settings_files=off pass_chk -c pass_chk
Warning (18236): Number of processors has not been specified which may cause overloading on shared machines.  Set the global assignment NUM_PARALLEL_PROCESSORS in your QSF to an appropriate value for best performance.
Info (20030): Parallel compilation is enabled and will use 4 of the 4 processors detected
Info (12021): Found 2 design units, including 1 entities, in source file pass_chk.vhd
    Info (12022): Found design unit 1: pass_chk-PC File: D:/Modified Code/pass_chk/pass_chk.vhd Line: 11
    Info (12023): Found entity 1: pass_chk File: D:/Modified Code/pass_chk/pass_chk.vhd Line: 5
Info (12021): Found 2 design units, including 1 entities, in source file counter5bit.vhd
    Info (12022): Found design unit 1: counter5bit-rtl File: D:/Modified Code/pass_chk/counter5bit.vhd Line: 10
    Info (12023): Found entity 1: counter5bit File: D:/Modified Code/pass_chk/counter5bit.vhd Line: 5
Info (12127): Elaborating entity "pass_chk" for the top level hierarchy
Warning (10541): VHDL Signal Declaration warning at pass_chk.vhd(16): used implicit default value for signal "load_timer" because signal was never assigned a value or an explicit default value. Use of implicit default value may introduce unintended design optimizations. File: D:/Modified Code/pass_chk/pass_chk.vhd Line: 16
Warning (10541): VHDL Signal Declaration warning at pass_chk.vhd(19): used implicit default value for signal "w_led" because signal was never assigned a value or an explicit default value. Use of implicit default value may introduce unintended design optimizations. File: D:/Modified Code/pass_chk/pass_chk.vhd Line: 19
Warning (10631): VHDL Process Statement warning at pass_chk.vhd(46): inferring latch(es) for signal or variable "next_state", which holds its previous value in one or more paths through the process File: D:/Modified Code/pass_chk/pass_chk.vhd Line: 46
Warning (10492): VHDL Process Statement warning at pass_chk.vhd(102): signal "Attempt" is read inside the Process Statement but isn't in the Process Statement's sensitivity list File: D:/Modified Code/pass_chk/pass_chk.vhd Line: 102
Warning (10492): VHDL Process Statement warning at pass_chk.vhd(104): signal "red" is read inside the Process Statement but isn't in the Process Statement's sensitivity list File: D:/Modified Code/pass_chk/pass_chk.vhd Line: 104
Warning (10631): VHDL Process Statement warning at pass_chk.vhd(89): inferring latch(es) for signal or variable "Gate", which holds its previous value in one or more paths through the process File: D:/Modified Code/pass_chk/pass_chk.vhd Line: 89
Warning (10631): VHDL Process Statement warning at pass_chk.vhd(89): inferring latch(es) for signal or variable "Attempt", which holds its previous value in one or more paths through the process File: D:/Modified Code/pass_chk/pass_chk.vhd Line: 89
Warning (10631): VHDL Process Statement warning at pass_chk.vhd(89): inferring latch(es) for signal or variable "green_led", which holds its previous value in one or more paths through the process File: D:/Modified Code/pass_chk/pass_chk.vhd Line: 89
Warning (10631): VHDL Process Statement warning at pass_chk.vhd(89): inferring latch(es) for signal or variable "red", which holds its previous value in one or more paths through the process File: D:/Modified Code/pass_chk/pass_chk.vhd Line: 89
Info (10041): Inferred latch for "red" at pass_chk.vhd(89) File: D:/Modified Code/pass_chk/pass_chk.vhd Line: 89
Info (10041): Inferred latch for "green_led" at pass_chk.vhd(89) File: D:/Modified Code/pass_chk/pass_chk.vhd Line: 89
Info (10041): Inferred latch for "Attempt[0]" at pass_chk.vhd(89) File: D:/Modified Code/pass_chk/pass_chk.vhd Line: 89
Info (10041): Inferred latch for "Attempt[1]" at pass_chk.vhd(89) File: D:/Modified Code/pass_chk/pass_chk.vhd Line: 89
Info (10041): Inferred latch for "Attempt[2]" at pass_chk.vhd(89) File: D:/Modified Code/pass_chk/pass_chk.vhd Line: 89
Info (10041): Inferred latch for "Attempt[3]" at pass_chk.vhd(89) File: D:/Modified Code/pass_chk/pass_chk.vhd Line: 89
Info (10041): Inferred latch for "Attempt[4]" at pass_chk.vhd(89) File: D:/Modified Code/pass_chk/pass_chk.vhd Line: 89
Info (10041): Inferred latch for "Gate" at pass_chk.vhd(89) File: D:/Modified Code/pass_chk/pass_chk.vhd Line: 89
Info (10041): Inferred latch for "next_state.S4" at pass_chk.vhd(46) File: D:/Modified Code/pass_chk/pass_chk.vhd Line: 46
Info (10041): Inferred latch for "next_state.S3" at pass_chk.vhd(46) File: D:/Modified Code/pass_chk/pass_chk.vhd Line: 46
Info (10041): Inferred latch for "next_state.S2" at pass_chk.vhd(46) File: D:/Modified Code/pass_chk/pass_chk.vhd Line: 46
Info (10041): Inferred latch for "next_state.S1" at pass_chk.vhd(46) File: D:/Modified Code/pass_chk/pass_chk.vhd Line: 46
Info (10041): Inferred latch for "next_state.IDLE" at pass_chk.vhd(46) File: D:/Modified Code/pass_chk/pass_chk.vhd Line: 46
Info (12128): Elaborating entity "counter5bit" for hierarchy "counter5bit:t0" File: D:/Modified Code/pass_chk/pass_chk.vhd Line: 30
Warning (13024): Output pins are stuck at VCC or GND
    Warning (13410): Pin "white_led" is stuck at GND File: D:/Modified Code/pass_chk/pass_chk.vhd Line: 8
    Warning (13410): Pin "green_led" is stuck at VCC File: D:/Modified Code/pass_chk/pass_chk.vhd Line: 8
Info (286030): Timing-Driven Synthesis is running
Info (17049): 2 registers lost all their fanouts during netlist optimizations.
Info (16010): Generating hard_block partition "hard_block:auto_generated_inst"
    Info (16011): Adding 0 node(s), including 0 DDIO, 0 PLL, 0 transceiver and 0 LCELL
Warning (21074): Design contains 5 input pin(s) that do not drive logic
    Warning (15610): No output dependent on input pin "ext_sens" File: D:/Modified Code/pass_chk/pass_chk.vhd Line: 6
    Warning (15610): No output dependent on input pin "pass[0]" File: D:/Modified Code/pass_chk/pass_chk.vhd Line: 7
    Warning (15610): No output dependent on input pin "pass[1]" File: D:/Modified Code/pass_chk/pass_chk.vhd Line: 7
    Warning (15610): No output dependent on input pin "pass[2]" File: D:/Modified Code/pass_chk/pass_chk.vhd Line: 7
    Warning (15610): No output dependent on input pin "pass[3]" File: D:/Modified Code/pass_chk/pass_chk.vhd Line: 7
Info (21057): Implemented 23 device resources after synthesis - the final resource count might be different
    Info (21058): Implemented 9 input pins
    Info (21059): Implemented 4 output pins
    Info (21061): Implemented 10 logic cells
Info: Quartus Prime Analysis & Synthesis was successful. 0 errors, 19 warnings
    Info: Peak virtual memory: 4794 megabytes
    Info: Processing ended: Mon Apr 12 18:29:02 2021
    Info: Elapsed time: 00:00:13
    Info: Total CPU time (on all processors): 00:00:22


